MPASM 5.87                           EX5.ASM   11-29-2023  9:38:17         PAGE  1


LOC  OBJECT CODE     LINE SOURCE TEXT
  VALUE

                      00001     include "p18F23K20.inc"
                      00001         LIST
                      00002 
                      00003 ;==========================================================================
                      00004 ; Build date : Jan 06 2020
                      00005 ;  MPASM PIC18F23K20 processor include
                      00006 ; 
                      00007 ;  (c) Copyright 1999-2020 Microchip Technology, All rights reserved
                      00008 ;==========================================================================
                      00009 
                      01396         LIST
                      00002 
                      00003     ORG 0x0000
000000 EF?? F???      00004     goto MAIN
                      00005 
                      00006     ; Déclaration des variables
                      00007     cblock 0x100
  00000100            00008         tableau:8   ; Espace pour 8 éléments du tableau
  00000108            00009         taille_tableau
  00000109            00010         min
  0000010A            00011         max
                      00012     endc
                      00013 
                      00014     ; Sous-programme pour écrire dans le tableau
Warning[207]: Found label after column 1. (ecrire_tableau)
000004                00015     ecrire_tableau:
000004 0E01           00016         MOVLW HIGH tableau
000006 6EEA           00017         MOVWF FSR0H
000008 0E00           00018         MOVLW LOW tableau
00000A 6EE9           00019         MOVWF FSR0L
                      00020 
00000C 0E25           00021         MOVLW 25
00000E 6EEE           00022         MOVWF POSTINC0
000010 0E04           00023         MOVLW 4
000012 6EEE           00024         MOVWF POSTINC0
000014 0E02           00025         MOVLW 2
000016 6EEE           00026         MOVWF POSTINC0
000018 0E15           00027         MOVLW 15
00001A 6EEE           00028         MOVWF POSTINC0
00001C 0E16           00029         MOVLW 16
00001E 6EEE           00030         MOVWF POSTINC0
Warning[202]: Argument out of range.  Least significant bits used.
000020 0E01           00031         MOVLW 101
000022 6EEE           00032         MOVWF POSTINC0
000024 0E33           00033         MOVLW 33
000026 6EEE           00034         MOVWF POSTINC0
000028 0E03           00035         MOVLW 3
00002A 6EEE           00036         MOVWF POSTINC0
                      00037 
00002C 0E08           00038         MOVLW 8
00002E 6F08           00039         MOVWF taille_tableau
000030 0012           00040         RETURN
                      00041 
MPASM 5.87                           EX5.ASM   11-29-2023  9:38:17         PAGE  2


LOC  OBJECT CODE     LINE SOURCE TEXT
  VALUE

                      00042     ; Sous-programme pour chercher le minimum
Warning[207]: Found label after column 1. (cherche_min)
000032                00043     cherche_min:
000032 0E01           00044         MOVLW HIGH tableau
000034 6EEA           00045         MOVWF FSR0H
000036 0E00           00046         MOVLW LOW tableau
000038 6EE9           00047         MOVWF FSR0L
                      00048 
00003A 50EF           00049         MOVF INDF0,W
00003C 6F09           00050         MOVWF min
00003E 2AE9           00051         INCF FSR0L,F
                      00052 
000040 0E08           00053         MOVLW 8
000042 6F08           00054         MOVWF taille_tableau
000044 0708           00055         DECF taille_tableau,F
                      00056 
Warning[207]: Found label after column 1. (Boucle_Min)
000046                00057     Boucle_Min:
000046 50EE           00058         MOVF POSTINC0,W
000048 6109           00059         CPFSLT min
00004A 6F09           00060         MOVWF min
00004C 0708           00061         DECF taille_tableau,F
00004E E0??           00062         BZ Fin_Min
000050 EF?? F???      00063         GOTO Boucle_Min
Warning[207]: Found label after column 1. (Fin_Min)
000054                00064     Fin_Min:
000054 0012           00065         RETURN
                      00066 
                      00067     ; Sous-programme pour chercher le maximum
Warning[207]: Found label after column 1. (cherche_max)
000056                00068     cherche_max:
000056 0E01           00069         MOVLW HIGH tableau
000058 6EEA           00070         MOVWF FSR0H
00005A 0E00           00071         MOVLW LOW tableau
00005C 6EE9           00072         MOVWF FSR0L
                      00073 
00005E 50EF           00074         MOVF INDF0,W
000060 6F0A           00075         MOVWF max
000062 2AE9           00076         INCF FSR0L,F
                      00077 
000064 0E08           00078         MOVLW 8
000066 6F08           00079         MOVWF taille_tableau
000068 0708           00080         DECF taille_tableau,F
                      00081 
Warning[207]: Found label after column 1. (Boucle_Max)
00006A                00082     Boucle_Max:
00006A 50EE           00083         MOVF POSTINC0,W
00006C 650A           00084         CPFSGT max
00006E 6F0A           00085         MOVWF max
000070 0708           00086         DECF taille_tableau,F
000072 E0??           00087         BZ Fin_Max
000074 EF?? F???      00088         GOTO Boucle_Max
Warning[207]: Found label after column 1. (Fin_Max)
MPASM 5.87                           EX5.ASM   11-29-2023  9:38:17         PAGE  3


LOC  OBJECT CODE     LINE SOURCE TEXT
  VALUE

000078                00089     Fin_Max:
000078 0012           00090         RETURN
                      00091 
                      00092     ; Programme principal
Warning[207]: Found label after column 1. (MAIN)
00007A                00093     MAIN:
00007A EC?? F???      00094         CALL ecrire_tableau
00007E EC?? F???      00095         CALL cherche_min
000082 EC?? F???      00096         CALL cherche_max
                      00097         ; Les valeurs min et max sont maintenant dans 'min' et 'max'
                      00098         END
MPASM 5.87                           EX5.ASM   11-29-2023  9:38:17         PAGE  4


SYMBOL TABLE
  LABEL                             VALUE 

A                                 00000000
ABDEN                             00000000
ABDOVF                            00000007
ACCESS                            00000000
ACKDT                             00000005
ACKEN                             00000004
ACKSTAT                           00000006
ACQT0                             00000003
ACQT1                             00000004
ACQT2                             00000005
ADCON0                            00000FC2
ADCON1                            00000FC1
ADCON2                            00000FC0
ADCS0                             00000000
ADCS1                             00000001
ADCS2                             00000002
ADDEN                             00000003
ADEN                              00000003
ADFM                              00000007
ADIE                              00000006
ADIF                              00000006
ADIP                              00000006
ADON                              00000000
ADRES                             00000FC3
ADRESH                            00000FC4
ADRESL                            00000FC3
AN0                               00000000
AN1                               00000001
AN10                              00000001
AN11                              00000004
AN12                              00000000
AN2                               00000002
AN3                               00000003
AN4                               00000005
AN8                               00000002
AN9                               00000003
ANS0                              00000000
ANS1                              00000001
ANS10                             00000002
ANS11                             00000003
ANS12                             00000004
ANS2                              00000002
ANS3                              00000003
ANS4                              00000004
ANS8                              00000000
ANS9                              00000001
ANSEL                             00000F7E
ANSELH                            00000F7F
BANKED                            00000001
BAUDCON                           00000FB8
BAUDCTL                           00000FB8
BCLIE                             00000003
BCLIF                             00000003
MPASM 5.87                           EX5.ASM   11-29-2023  9:38:17         PAGE  5


SYMBOL TABLE
  LABEL                             VALUE 

BCLIP                             00000003
BF                                00000000
BGST                              00000005
BOR                               00000000
BRG16                             00000003
BRGH                              00000002
BSR                               00000FE0
Boucle_Max                        0000006A
Boucle_Min                        00000046
C                                 00000000
C12IN0M                           00000000
C12IN0N                           00000000
C12IN1M                           00000001
C12IN1N                           00000001
C12IN2M                           00000003
C12IN2N                           00000003
C12IN3M                           00000001
C12IN3N                           00000001
C1CH0                             00000000
C1CH1                             00000001
C1IE                              00000006
C1IF                              00000006
C1INP                             00000003
C1IP                              00000006
C1OE                              00000005
C1ON                              00000007
C1OUT_CM1CON0                     00000006
C1OUT_PORTA                       00000004
C1POL                             00000004
C1R                               00000002
C1RSEL                            00000005
C1SP                              00000003
C2CH0                             00000000
C2CH1                             00000001
C2IE                              00000005
C2IF                              00000005
C2INP                             00000002
C2IP                              00000005
C2OE                              00000005
C2ON                              00000007
C2OUT_CM2CON0                     00000006
C2OUT_PORTA                       00000005
C2POL                             00000004
C2R                               00000002
C2RSEL                            00000004
C2SP                              00000003
CCP1                              00000002
CCP1CON                           00000FBD
CCP1IE                            00000002
CCP1IF                            00000002
CCP1IP                            00000002
CCP1M0                            00000000
CCP1M1                            00000001
MPASM 5.87                           EX5.ASM   11-29-2023  9:38:17         PAGE  6


SYMBOL TABLE
  LABEL                             VALUE 

CCP1M2                            00000002
CCP1M3                            00000003
CCP2CON                           00000FBA
CCP2IE                            00000000
CCP2IF                            00000000
CCP2IP                            00000000
CCP2M0                            00000000
CCP2M1                            00000001
CCP2M2                            00000002
CCP2M3                            00000003
CCP2_PORTB                        00000003
CCP2_PORTC                        00000001
CCPR1                             00000FBE
CCPR1H                            00000FBF
CCPR1L                            00000FBE
CCPR2                             00000FBB
CCPR2H                            00000FBC
CCPR2L                            00000FBB
CFGS                              00000006
CHS0                              00000002
CHS1                              00000003
CHS2                              00000004
CHS3                              00000005
CK                                00000006
CKE                               00000006
CKP                               00000004
CKTXP                             00000004
CM1CON0                           00000F7B
CM2CON0                           00000F7A
CM2CON1                           00000F79
CREN                              00000004
CSRC                              00000007
CVR0                              00000000
CVR1                              00000001
CVR2                              00000002
CVR3                              00000003
CVRCON                            00000FB5
CVRCON2                           00000FB4
CVREF                             00000002
CVREN                             00000007
CVROE                             00000006
CVRR                              00000005
CVRSS                             00000004
D                                 00000005
DC                                00000001
DC1B0                             00000004
DC1B1                             00000005
DC2B0                             00000004
DC2B1                             00000005
DDRA                              TRISA
DDRB                              TRISB
DDRC                              TRISC
DDRD                              TRISD
MPASM 5.87                           EX5.ASM   11-29-2023  9:38:17         PAGE  7


SYMBOL TABLE
  LABEL                             VALUE 

DDRE                              TRISE
DONE                              00000001
DTRXP                             00000005
D_A                               00000005
D_NOT_A                           00000005
ECCP1AS                           00000FB6
ECCPAS0                           00000004
ECCPAS1                           00000005
ECCPAS2                           00000006
ECCPASE                           00000007
EEADR                             00000FA9
EEADR0                            00000000
EEADR1                            00000001
EEADR2                            00000002
EEADR3                            00000003
EEADR4                            00000004
EEADR5                            00000005
EEADR6                            00000006
EEADR7                            00000007
EECON1                            00000FA6
EECON2                            00000FA7
EEDATA                            00000FA8
EEIE                              00000004
EEIF                              00000004
EEIP                              00000004
EEPGD                             00000007
FAST                              00000001
FERR                              00000002
FLT0                              00000000
FREE                              00000004
FSR0                              00000000
FSR0H                             00000FEA
FSR0L                             00000FE9
FSR1                              00000001
FSR1H                             00000FE2
FSR1L                             00000FE1
FSR2                              00000002
FSR2H                             00000FDA
FSR2L                             00000FD9
FVREN                             00000007
FVRST                             00000006
Fin_Max                           00000078
Fin_Min                           00000054
GCEN                              00000007
GIE                               00000007
GIEH                              00000007
GIEL                              00000006
GIE_GIEH                          00000007
GO                                00000001
GO_DONE                           00000001
GO_NOT_DONE                       00000001
HLVDCON                           00000FD2
HLVDEN                            00000004
MPASM 5.87                           EX5.ASM   11-29-2023  9:38:17         PAGE  8


SYMBOL TABLE
  LABEL                             VALUE 

HLVDIE                            00000002
HLVDIF                            00000002
HLVDIN                            00000005
HLVDIP                            00000002
HLVDL0                            00000000
HLVDL1                            00000001
HLVDL2                            00000002
HLVDL3                            00000003
IDLEN                             00000007
INDF0                             00000FEF
INDF1                             00000FE7
INDF2                             00000FDF
INT0                              00000000
INT0E                             00000004
INT0F                             00000001
INT0IE                            00000004
INT0IF                            00000001
INT1                              00000001
INT1E                             00000003
INT1F                             00000000
INT1IE                            00000003
INT1IF                            00000000
INT1IP                            00000006
INT1P                             00000006
INT2                              00000002
INT2E                             00000004
INT2F                             00000001
INT2IE                            00000004
INT2IF                            00000001
INT2IP                            00000007
INT2P                             00000007
INTCON                            00000FF2
INTCON2                           00000FF1
INTCON3                           00000FF0
INTEDG0                           00000006
INTEDG1                           00000005
INTEDG2                           00000004
INTSRC                            00000007
IOCB                              00000F7D
IOCB4                             00000004
IOCB5                             00000005
IOCB6                             00000006
IOCB7                             00000007
IOFS                              00000002
IPEN                              00000007
IPR1                              00000F9F
IPR2                              00000FA2
IRCF0                             00000004
IRCF1                             00000005
IRCF2                             00000006
IRVST                             00000005
IVRST                             00000005
KBI0                              00000004
MPASM 5.87                           EX5.ASM   11-29-2023  9:38:17         PAGE  9


SYMBOL TABLE
  LABEL                             VALUE 

KBI1                              00000005
KBI2                              00000006
KBI3                              00000007
LATA                              00000F89
LATA0                             00000000
LATA1                             00000001
LATA2                             00000002
LATA3                             00000003
LATA4                             00000004
LATA5                             00000005
LATA6                             00000006
LATA7                             00000007
LATB                              00000F8A
LATB0                             00000000
LATB1                             00000001
LATB2                             00000002
LATB3                             00000003
LATB4                             00000004
LATB5                             00000005
LATB6                             00000006
LATB7                             00000007
LATC                              00000F8B
LATC0                             00000000
LATC1                             00000001
LATC2                             00000002
LATC3                             00000003
LATC4                             00000004
LATC5                             00000005
LATC6                             00000006
LATC7                             00000007
LVDCON                            00000FD2
LVDEN                             00000004
LVDIE                             00000002
LVDIF                             00000002
LVDIN                             00000005
LVDIP                             00000002
LVDL0                             00000000
LVDL1                             00000001
LVDL2                             00000002
LVDL3                             00000003
LVV0                              00000000
LVV1                              00000001
LVV2                              00000002
LVV3                              00000003
MAIN                              0000007A
MC1OUT                            00000007
MC2OUT                            00000006
MCLR                              00000003
MSK0                              00000000
MSK1                              00000001
MSK2                              00000002
MSK3                              00000003
MSK4                              00000004
MPASM 5.87                           EX5.ASM   11-29-2023  9:38:17         PAGE 10


SYMBOL TABLE
  LABEL                             VALUE 

MSK5                              00000005
MSK6                              00000006
MSK7                              00000007
N                                 00000004
NOT_A                             00000005
NOT_ADDRESS                       00000005
NOT_BOR                           00000000
NOT_DONE                          00000001
NOT_MCLR                          00000003
NOT_PD                            00000002
NOT_POR                           00000001
NOT_RBPU                          00000007
NOT_RI                            00000004
NOT_SS                            00000005
NOT_T1SYNC                        00000002
NOT_T3SYNC                        00000002
NOT_TO                            00000003
NOT_W                             00000002
NOT_WRITE                         00000002
OERR                              00000001
OSCCON                            00000FD3
OSCFIE                            00000007
OSCFIF                            00000007
OSCFIP                            00000007
OSCTUNE                           00000F9B
OSTS                              00000003
OV                                00000003
P                                 00000004
P1A                               00000002
P1B                               00000002
P1C                               00000001
P1D                               00000004
P1M0                              00000006
P1M1                              00000007
PC                                00000FF9
PCL                               00000FF9
PCLATH                            00000FFA
PCLATU                            00000FFB
PD                                00000002
PDC0                              00000000
PDC1                              00000001
PDC2                              00000002
PDC3                              00000003
PDC4                              00000004
PDC5                              00000005
PDC6                              00000006
PEIE                              00000006
PEIE_GIEL                         00000006
PEN                               00000002
PGC                               00000006
PGD                               00000007
PGM                               00000005
PIE1                              00000F9D
MPASM 5.87                           EX5.ASM   11-29-2023  9:38:17         PAGE 11


SYMBOL TABLE
  LABEL                             VALUE 

PIE2                              00000FA0
PIR1                              00000F9E
PIR2                              00000FA1
PLLEN                             00000006
PLUSW0                            00000FEB
PLUSW1                            00000FE3
PLUSW2                            00000FDB
POR                               00000001
PORTA                             00000F80
PORTB                             00000F81
PORTC                             00000F82
PORTE                             00000F84
POSTDEC0                          00000FED
POSTDEC1                          00000FE5
POSTDEC2                          00000FDD
POSTINC0                          00000FEE
POSTINC1                          00000FE6
POSTINC2                          00000FDE
PR2                               00000FCB
PREINC0                           00000FEC
PREINC1                           00000FE4
PREINC2                           00000FDC
PROD                              00000FF3
PRODH                             00000FF4
PRODL                             00000FF3
PRSEN                             00000007
PSA                               00000003
PSSAC0                            00000002
PSSAC1                            00000003
PSSBD0                            00000000
PSSBD1                            00000001
PSTRCON                           00000FB9
PWM1CON                           00000FB7
R                                 00000002
RA0                               00000000
RA1                               00000001
RA2                               00000002
RA3                               00000003
RA4                               00000004
RA5                               00000005
RA6                               00000006
RA7                               00000007
RB0                               00000000
RB1                               00000001
RB2                               00000002
RB3                               00000003
RB4                               00000004
RB5                               00000005
RB6                               00000006
RB7                               00000007
RBIE                              00000003
RBIF                              00000000
RBIP                              00000000
MPASM 5.87                           EX5.ASM   11-29-2023  9:38:17         PAGE 12


SYMBOL TABLE
  LABEL                             VALUE 

RBPU                              00000007
RC0                               00000000
RC1                               00000001
RC2                               00000002
RC3                               00000003
RC4                               00000004
RC5                               00000005
RC6                               00000006
RC7                               00000007
RCEN                              00000003
RCIDL                             00000006
RCIE                              00000005
RCIF                              00000005
RCIP                              00000005
RCON                              00000FD0
RCREG                             00000FAE
RCSTA                             00000FAB
RD                                00000000
RD16                              00000007
RE3                               00000003
RI                                00000004
RSEN                              00000001
RX                                00000007
RX9                               00000006
RX9D                              00000000
R_NOT_W                           00000002
R_W                               00000002
S                                 00000003
SBOREN                            00000006
SCK                               00000003
SCKP                              00000004
SCL                               00000003
SCS0                              00000000
SCS1                              00000001
SDA                               00000004
SDI                               00000004
SDO                               00000005
SEN                               00000000
SENDB                             00000003
SLRA                              00000000
SLRB                              00000001
SLRC                              00000002
SLRCON                            00000F78
SMP                               00000007
SP0                               00000000
SP1                               00000001
SP2                               00000002
SP3                               00000003
SP4                               00000004
SPBRG                             00000FAF
SPBRGH                            00000FB0
SPEN                              00000007
SREN                              00000005
MPASM 5.87                           EX5.ASM   11-29-2023  9:38:17         PAGE 13


SYMBOL TABLE
  LABEL                             VALUE 

SS                                00000005
SSPADD                            00000FC8
SSPBUF                            00000FC9
SSPCON1                           00000FC6
SSPCON2                           00000FC5
SSPEN                             00000005
SSPIE                             00000003
SSPIF                             00000003
SSPIP                             00000003
SSPM0                             00000000
SSPM1                             00000001
SSPM2                             00000002
SSPM3                             00000003
SSPMSK                            00000F77
SSPOV                             00000006
SSPSTAT                           00000FC7
START                             00000003
STATUS                            00000FD8
STKFUL                            00000007
STKOVF                            00000007
STKPTR                            00000FFC
STKUNF                            00000006
STOP                              00000004
STRA                              00000000
STRB                              00000001
STRC                              00000002
STRD                              00000003
STRSYNC                           00000004
SWDTE                             00000000
SWDTEN                            00000000
SYNC                              00000004
T08BIT                            00000006
T0CKI                             00000004
T0CON                             00000FD5
T0CS                              00000005
T0IE                              00000005
T0IF                              00000002
T0PS0                             00000000
T0PS1                             00000001
T0PS2                             00000002
T0SE                              00000004
T13CKI                            00000000
T1CKI                             00000000
T1CKPS0                           00000004
T1CKPS1                           00000005
T1CON                             00000FCD
T1OSCEN                           00000003
T1OSI                             00000001
T1OSO                             00000000
T1RUN                             00000006
T1SYNC                            00000002
T2CKPS0                           00000000
T2CKPS1                           00000001
MPASM 5.87                           EX5.ASM   11-29-2023  9:38:17         PAGE 14


SYMBOL TABLE
  LABEL                             VALUE 

T2CON                             00000FCA
T2OUTPS0                          00000003
T2OUTPS1                          00000004
T2OUTPS2                          00000005
T2OUTPS3                          00000006
T3CCP1                            00000003
T3CCP2                            00000006
T3CKI                             00000000
T3CKPS0                           00000004
T3CKPS1                           00000005
T3CON                             00000FB1
T3SYNC                            00000002
TABLAT                            00000FF5
TBLPTR                            00000FF6
TBLPTRH                           00000FF7
TBLPTRL                           00000FF6
TBLPTRU                           00000FF8
TMR0                              00000FD6
TMR0H                             00000FD7
TMR0IE                            00000005
TMR0IF                            00000002
TMR0IP                            00000002
TMR0L                             00000FD6
TMR0ON                            00000007
TMR1                              00000FCE
TMR1CS                            00000001
TMR1H                             00000FCF
TMR1IE                            00000000
TMR1IF                            00000000
TMR1IP                            00000000
TMR1L                             00000FCE
TMR1ON                            00000000
TMR2                              00000FCC
TMR2IE                            00000001
TMR2IF                            00000001
TMR2IP                            00000001
TMR2ON                            00000002
TMR3                              00000FB2
TMR3CS                            00000001
TMR3H                             00000FB3
TMR3IE                            00000001
TMR3IF                            00000001
TMR3IP                            00000001
TMR3L                             00000FB2
TMR3ON                            00000000
TO                                00000003
TOS                               00000FFD
TOSH                              00000FFE
TOSL                              00000FFD
TOSU                              00000FFF
TRISA                             00000F92
TRISA0                            00000000
TRISA1                            00000001
MPASM 5.87                           EX5.ASM   11-29-2023  9:38:17         PAGE 15


SYMBOL TABLE
  LABEL                             VALUE 

TRISA2                            00000002
TRISA3                            00000003
TRISA4                            00000004
TRISA5                            00000005
TRISA6                            00000006
TRISA7                            00000007
TRISB                             00000F93
TRISB0                            00000000
TRISB1                            00000001
TRISB2                            00000002
TRISB3                            00000003
TRISB4                            00000004
TRISB5                            00000005
TRISB6                            00000006
TRISB7                            00000007
TRISC                             00000F94
TRISC0                            00000000
TRISC1                            00000001
TRISC2                            00000002
TRISC3                            00000003
TRISC4                            00000004
TRISC5                            00000005
TRISC6                            00000006
TRISC7                            00000007
TRMT                              00000001
TUN0                              00000000
TUN1                              00000001
TUN2                              00000002
TUN3                              00000003
TUN4                              00000004
TUN5                              00000005
TX                                00000006
TX9                               00000006
TX9D                              00000000
TXEN                              00000005
TXIE                              00000004
TXIF                              00000004
TXIP                              00000004
TXREG                             00000FAD
TXSTA                             00000FAC
UA                                00000001
VCFG0                             00000004
VCFG1                             00000005
VDIRMAG                           00000007
VPP                               00000003
VREFM                             00000002
VREFN                             00000002
VREFP                             00000003
W                                 00000000
WCOL                              00000007
WDTCON                            00000FD1
WPUB                              00000F7C
WPUB0                             00000000
MPASM 5.87                           EX5.ASM   11-29-2023  9:38:17         PAGE 16


SYMBOL TABLE
  LABEL                             VALUE 

WPUB1                             00000001
WPUB2                             00000002
WPUB3                             00000003
WPUB4                             00000004
WPUB5                             00000005
WPUB6                             00000006
WPUB7                             00000007
WR                                00000001
WREG                              00000FE8
WREN                              00000002
WRERR                             00000003
WUE                               00000001
Z                                 00000002
_BOREN_NOSLP_2L                   000000FD
_BOREN_OFF_2L                     000000F9
_BOREN_ON_2L                      000000FB
_BOREN_SBORDIS_2L                 000000FF
_BORV_18_2L                       000000FF
_BORV_22_2L                       000000F7
_BORV_27_2L                       000000EF
_BORV_30_2L                       000000E7
_CCP2MX_PORTBE_3H                 000000FE
_CCP2MX_PORTC_3H                  000000FF
_CONFIG1H                         00300001
_CONFIG2H                         00300003
_CONFIG2L                         00300002
_CONFIG3H                         00300005
_CONFIG4L                         00300006
_CONFIG5H                         00300009
_CONFIG5L                         00300008
_CONFIG6H                         0030000B
_CONFIG6L                         0030000A
_CONFIG7H                         0030000D
_CONFIG7L                         0030000C
_CP0_OFF_5L                       000000FF
_CP0_ON_5L                        000000FE
_CP1_OFF_5L                       000000FF
_CP1_ON_5L                        000000FD
_CPB_OFF_5H                       000000FF
_CPB_ON_5H                        000000BF
_CPD_OFF_5H                       000000FF
_CPD_ON_5H                        0000007F
_DEBUG_OFF_4L                     000000FF
_DEBUG_ON_4L                      0000007F
_DEVID1                           003FFFFE
_DEVID2                           003FFFFF
_EBTR0_OFF_7L                     000000FF
_EBTR0_ON_7L                      000000FE
_EBTR1_OFF_7L                     000000FF
_EBTR1_ON_7L                      000000FD
_EBTRB_OFF_7H                     000000FF
_EBTRB_ON_7H                      000000BF
_FCMEN_OFF_1H                     000000BF
MPASM 5.87                           EX5.ASM   11-29-2023  9:38:17         PAGE 17


SYMBOL TABLE
  LABEL                             VALUE 

_FCMEN_ON_1H                      000000FF
_FOSC_ECIO6_1H                    000000F5
_FOSC_EC_1H                       000000F4
_FOSC_HSPLL_1H                    000000F6
_FOSC_HS_1H                       000000F2
_FOSC_INTIO67_1H                  000000F8
_FOSC_INTIO7_1H                   000000F9
_FOSC_LP_1H                       000000F0
_FOSC_RCIO6_1H                    000000F7
_FOSC_RC_1H                       000000F3
_FOSC_XT_1H                       000000F1
_HFOFST_OFF_3H                    000000F7
_HFOFST_ON_3H                     000000FF
_IDLOC0                           00200000
_IDLOC1                           00200001
_IDLOC2                           00200002
_IDLOC3                           00200003
_IDLOC4                           00200004
_IDLOC5                           00200005
_IDLOC6                           00200006
_IDLOC7                           00200007
_IESO_OFF_1H                      0000007F
_IESO_ON_1H                       000000FF
_LPT1OSC_OFF_3H                   000000FB
_LPT1OSC_ON_3H                    000000FF
_LVP_OFF_4L                       000000FB
_LVP_ON_4L                        000000FF
_MCLRE_OFF_3H                     0000007F
_MCLRE_ON_3H                      000000FF
_PBADEN_OFF_3H                    000000FD
_PBADEN_ON_3H                     000000FF
_PWRT_OFF_2L                      000000FF
_PWRT_ON_2L                       000000FE
_STVREN_OFF_4L                    000000FE
_STVREN_ON_4L                     000000FF
_WDTEN_OFF_2H                     000000FE
_WDTEN_ON_2H                      000000FF
_WDTPS_1024_2H                    000000F5
_WDTPS_128_2H                     000000EF
_WDTPS_16384_2H                   000000FD
_WDTPS_16_2H                      000000E9
_WDTPS_1_2H                       000000E1
_WDTPS_2048_2H                    000000F7
_WDTPS_256_2H                     000000F1
_WDTPS_2_2H                       000000E3
_WDTPS_32768_2H                   000000FF
_WDTPS_32_2H                      000000EB
_WDTPS_4096_2H                    000000F9
_WDTPS_4_2H                       000000E5
_WDTPS_512_2H                     000000F3
_WDTPS_64_2H                      000000ED
_WDTPS_8192_2H                    000000FB
_WDTPS_8_2H                       000000E7
MPASM 5.87                           EX5.ASM   11-29-2023  9:38:17         PAGE 18


SYMBOL TABLE
  LABEL                             VALUE 

_WRT0_OFF_6L                      000000FF
_WRT0_ON_6L                       000000FE
_WRT1_OFF_6L                      000000FF
_WRT1_ON_6L                       000000FD
_WRTB_OFF_6H                      000000FF
_WRTB_ON_6H                       000000BF
_WRTC_OFF_6H                      000000FF
_WRTC_ON_6H                       000000DF
_WRTD_OFF_6H                      000000FF
_WRTD_ON_6H                       0000007F
_XINST_OFF_4L                     000000BF
_XINST_ON_4L                      000000FF
__18F23K20                        00000001
__DEBUG                           
__MPLAB_DEBUGGER_SIMULATOR        1
cherche_max                       00000056
cherche_min                       00000032
ecrire_tableau                    00000004
max                               0000010A
min                               00000109
tableau                           00000100
taille_tableau                    00000108

Errors   :     0
Warnings :     9 reported,     0 suppressed
Messages :     0 reported,     0 suppressed

