MPASM 5.87                           TD1.ASM   12-12-2023  21:42:37         PAGE  1


LOC  OBJECT CODE     LINE SOURCE TEXT
  VALUE

                      00001 ;*******************************************************************************
                      00002 ;                                                                              *
                      00003 ;    Microchip licenses this software to you solely for use with Microchip     *
                      00004 ;    products. The software is owned by Microchip and/or its licensors, and is *
                      00005 ;    protected under applicable copyright laws.  All rights reserved.          *
                      00006 ;                                                                              *
                      00007 ;    This software and any accompanying information is for suggestion only.    *
                      00008 ;    It shall not be deemed to modify Microchip?s standard warranty for its    *
                      00009 ;    products.  It is your responsibility to ensure that this software meets   *
                      00010 ;    your requirements.                                                        *
                      00011 ;                                                                              *
                      00012 ;    SOFTWARE IS PROVIDED "AS IS".  MICROCHIP AND ITS LICENSORS EXPRESSLY      *
                      00013 ;    DISCLAIM ANY WARRANTY OF ANY KIND, WHETHER EXPRESS OR IMPLIED, INCLUDING  *
                      00014 ;    BUT NOT LIMITED TO, THE IMPLIED WARRANTIES OF MERCHANTABILITY, FITNESS    *
                      00015 ;    FOR A PARTICULAR PURPOSE, OR NON-INFRINGEMENT. IN NO EVENT SHALL          *
                      00016 ;    MICROCHIP OR ITS LICENSORS BE LIABLE FOR ANY INCIDENTAL, SPECIAL,         *
                      00017 ;    INDIRECT OR CONSEQUENTIAL DAMAGES, LOST PROFITS OR LOST DATA, HARM TO     *
                      00018 ;    YOUR EQUIPMENT, COST OF PROCUREMENT OF SUBSTITUTE GOODS, TECHNOLOGY OR    *
                      00019 ;    SERVICES, ANY CLAIMS BY THIRD PARTIES (INCLUDING BUT NOT LIMITED TO ANY   *
                      00020 ;    DEFENSE THEREOF), ANY CLAIMS FOR INDEMNITY OR CONTRIBUTION, OR OTHER      *
                      00021 ;    SIMILAR COSTS.                                                            *
                      00022 ;                                                                              *
                      00023 ;    To the fullest extend allowed by law, Microchip and its licensors         *
                      00024 ;    liability shall not exceed the amount of fee, if any, that you have paid  *
                      00025 ;    directly to Microchip to use this software.                               *
                      00026 ;                                                                              *
                      00027 ;    MICROCHIP PROVIDES THIS SOFTWARE CONDITIONALLY UPON YOUR ACCEPTANCE OF    *
                      00028 ;    THESE TERMS.                                                              *
                      00029 ;                                                                              *
                      00030 ;*******************************************************************************
                      00031 ;                                                                              *
                      00032 ;    Filename:                                                                 *
                      00033 ;    Date:                                                                     *
                      00034 ;    File Version:                                                             *
                      00035 ;    Author:                                                                   *
                      00036 ;    Company:                                                                  *
                      00037 ;    Description:                                                              *
                      00038 ;                                                                              *
                      00039 ;*******************************************************************************
                      00040 ;                                                                              *
                      00041 ;    Notes: In the MPLAB X Help, refer to the MPASM Assembler documentation    *
                      00042 ;    for information on assembly instructions.                                 *
                      00043 ;                                                                              *
                      00044 ;*******************************************************************************
                      00045 ;                                                                              *
                      00046 ;    Known Issues: This template is designed for relocatable code.  As such,   *
                      00047 ;    build errors such as "Directive only allowed when generating an object    *
                      00048 ;    file" will result when the 'Build in Absolute Mode' checkbox is selected  *
                      00049 ;    in the project properties.  Designing code in absolute mode is            *
                      00050 ;    antiquated - use relocatable mode.                                        *
                      00051 ;                                                                              *
                      00052 ;*******************************************************************************
                      00053 ;                                                                              *
MPASM 5.87                           TD1.ASM   12-12-2023  21:42:37         PAGE  2


LOC  OBJECT CODE     LINE SOURCE TEXT
  VALUE

                      00054 ;    Revision History:                                                         *
                      00055 ;                                                                              *
                      00056 ;*******************************************************************************
                      00057 
                      00058 
                      00059 
                      00060 ;*******************************************************************************
                      00061 ; Processor Inclusion
                      00062 ;
                      00063 ; TODO Step #1 Open the task list under Window > Tasks.  Include your
                      00064 ; device .inc file - e.g. #include <device_name>.inc.  Available
                      00065 ; include files are in C:\Program Files\Microchip\MPLABX\mpasmx
                      00066 ; assuming the default installation path for MPLAB X.  You may manually find
                      00067 ; the appropriate include file for your device here and include it, or
                      00068 ; simply copy the include generated by the configuration bits
                      00069 ; generator (see Step #2).
                      00070 ;
                      00071 ;*******************************************************************************
                      00072 
                      00073 ; TODO INSERT INCLUDE CODE HERE
                      00074 
                      00075 ;*******************************************************************************
                      00076 ;
                      00077 ; TODO Step #2 - Configuration Word Setup
                      00078 ;
                      00079 ; The 'CONFIG' directive is used to embed the configuration word within the
                      00080 ; .asm file. MPLAB X requires users to embed their configuration words
                      00081 ; into source code.  See the device datasheet for additional information
                      00082 ; on configuration word settings.  Device configuration bits descriptions
                      00083 ; are in C:\Program Files\Microchip\MPLABX\mpasmx\P<device_name>.inc
                      00084 ; (may change depending on your MPLAB X installation directory).
                      00085 ;
                      00086 ; MPLAB X has a feature which generates configuration bits source code.  Go to
                      00087 ; Window > PIC Memory Views > Configuration Bits.  Configure each field as
                      00088 ; needed and select 'Generate Source Code to Output'.  The resulting code which
                      00089 ; appears in the 'Output Window' > 'Config Bits Source' tab may be copied
                      00090 ; below.
                      00091 ;
                      00092 ;*******************************************************************************
                      00093 
                      00094 ; TODO INSERT CONFIG HERE
                      00095 
                      00096 ;*******************************************************************************
                      00097 ;
                      00098 ; TODO Step #3 - Variable Definitions
                      00099 ;
                      00100 ; Refer to datasheet for available data memory (RAM) organization assuming
                      00101 ; relocatible code organization (which is an option in project
                      00102 ; properties > mpasm (Global Options)).  Absolute mode generally should
                      00103 ; be used sparingly.
                      00104 ;
                      00105 ; Example of using GPR Uninitialized Data
                      00106 ;
MPASM 5.87                           TD1.ASM   12-12-2023  21:42:37         PAGE  3


LOC  OBJECT CODE     LINE SOURCE TEXT
  VALUE

                      00107 ;   GPR_VAR        UDATA
                      00108 ;   MYVAR1         RES        1      ; User variable linker places
                      00109 ;   MYVAR2         RES        1      ; User variable linker places
                      00110 ;   MYVAR3         RES        1      ; User variable linker places
                      00111 ;
                      00112 ;   ; Example of using Access Uninitialized Data Section (when available)
                      00113 ;   ; The variables for the context saving in the device datasheet may need
                      00114 ;   ; memory reserved here.
                      00115 ;   INT_VAR        UDATA_ACS
                      00116 ;   W_TEMP         RES        1      ; w register for context saving (ACCESS)
                      00117 ;   STATUS_TEMP    RES        1      ; status used for context saving
                      00118 ;   BSR_TEMP       RES        1      ; bank select used for ISR context saving
                      00119 ;
                      00120 ;*******************************************************************************
                      00121 
                      00122 ; TODO PLACE VARIABLE DEFINITIONS GO HERE
                      00123 
                      00124 ;*******************************************************************************
                      00125 ; Reset Vector
                      00126 ;*******************************************************************************
Warning[205]: Found directive in column 1. (INCLUDE)
                      00127 INCLUDE "p18f45k20.inc"
                      00001         LIST
                      00002 
                      00003 ;==========================================================================
                      00004 ; Build date : Jan 06 2020
                      00005 ;  MPASM PIC18F45K20 processor include
                      00006 ; 
                      00007 ;  (c) Copyright 1999-2020 Microchip Technology, All rights reserved
                      00008 ;==========================================================================
                      00009 
                      01570         LIST
                      00128 
                      00129 
                      00130 RES_VECT  CODE    0x0000            ; processor reset vector
                      00131 ;    GOTO    START                   ; go to beginning of program
                      00132 ; Définition de l'espace de données utilisateur pour les variables du groupe 1
                      00133 groupl UDATA 0x100 
000100                00134 password RES 10   ; Réserve 10 emplacements mémoire pour 'password'
                      00135 
                      00136 ; Définition de l'espace de données utilisateur pour les variables du groupe 2
                      00137 group2 UDATA 0x200
000200                00138 crypto RES 10   ; Réserve 10 emplacements mémoire pour 'crypto'
                      00139  
                      00140 ; Début du code du programme principal
                      00141 MAIN_PROG CODE
                      00142 
                      00143 ; Sélection de la banque 1 pour l'accès aux registres
Warning[203]: Found opcode in column 1. (MOVLW)
000000 0E01           00144 MOVLW 0x01       ; Charge la valeur 1 dans l'accumulateur W
Warning[203]: Found opcode in column 1. (MOVWF)
000002 6EE0           00145 MOVWF BSR        ; Déplace la valeur de l'accumulateur W vers le registre BSR pour sélectionner la banqu
                            e 1
MPASM 5.87                           TD1.ASM   12-12-2023  21:42:37         PAGE  4


LOC  OBJECT CODE     LINE SOURCE TEXT
  VALUE

                      00146 
                      00147 ; Écriture de 'J' à l'adresse 'password'
Warning[203]: Found opcode in column 1. (MOVLW)
000004 0E4A           00148 MOVLW 'J'        ; Charge le caractère 'J' dans l'accumulateur W
Warning[203]: Found opcode in column 1. (MOVWF)
000006 6E??           00149 MOVWF password   ; Écrit 'J' à l'adresse 'password'
                      00150 
                      00151 ; Écriture de 'U' à l'adresse suivante
Warning[203]: Found opcode in column 1. (MOVLW)
000008 0E55           00152 MOVLW 'U'        ; Charge le caractère 'U' dans l'accumulateur W
Warning[203]: Found opcode in column 1. (MOVWF)
00000A 6E??           00153 MOVWF password+1 ; Écrit 'U' à l'adresse suivant 'password'
                      00154 
                      00155 ; Écriture de 'N' à l'adresse suivante
Warning[203]: Found opcode in column 1. (MOVLW)
00000C 0E4E           00156 MOVLW 'N'        ; Charge le caractère 'N' dans l'accumulateur W
Warning[203]: Found opcode in column 1. (MOVWF)
00000E 6E??           00157 MOVWF password+2 ; Écrit 'N' à l'adresse suivant 'password+1'
                      00158 
                      00159 ; Écriture de 'I' à l'adresse suivante
Warning[203]: Found opcode in column 1. (MOVLW)
000010 0E49           00160 MOVLW 'I'        ; Charge le caractère 'I' dans l'accumulateur W
Warning[203]: Found opcode in column 1. (MOVWF)
000012 6E??           00161 MOVWF password+3 ; Écrit 'I' à l'adresse suivant 'password+2'
                      00162 
                      00163 ; Écriture de 'A' à l'adresse suivante
Warning[203]: Found opcode in column 1. (MOVLW)
000014 0E41           00164 MOVLW 'A'        ; Charge le caractère 'A' dans l'accumulateur W
Warning[203]: Found opcode in column 1. (MOVWF)
000016 6E??           00165 MOVWF password+4 ; Écrit 'A' à l'adresse suivant 'password+3'
                      00166  
                      00167 ; Cryptage du caractère à l'adresse 'password'
Warning[203]: Found opcode in column 1. (MOVF)
000018 50??           00168 MOVF password, W  ; Déplace le contenu de 'password' dans l'accumulateur W
Warning[203]: Found opcode in column 1. (XORLW)
00001A 0A55           00169 XORLW 0x55        ; Effectue une opération XOR entre le contenu de W et 0x55
Warning[203]: Found opcode in column 1. (MOVLB)
00001C 0102           00170 MOVLB 0x02        ; Sélectionne la banque 2 pour l'accès aux registres
Warning[203]: Found opcode in column 1. (MOVWF)
00001E 6E??           00171 MOVWF crypto      ; Écrit le résultat XOR à l'adresse 'crypto'
                      00172 
                      00173 ; Cryptage du caractère suivant à l'adresse 'password+1'
Warning[203]: Found opcode in column 1. (MOVLB)
000020 0101           00174 MOVLB 0x01        ; Sélectionne la banque 1 pour l'accès aux registres
Warning[203]: Found opcode in column 1. (MOVF)
000022 50??           00175 MOVF password+1, W ; Déplace le contenu de 'password+1' dans l'accumulateur W
Warning[203]: Found opcode in column 1. (XORLW)
000024 0A55           00176 XORLW 0x55         ; Effectue une opération XOR entre le contenu de W et 0x55
Warning[203]: Found opcode in column 1. (MOVLB)
000026 0102           00177 MOVLB 0x02         ; Sélectionne la banque 2 pour l'accès aux registres
Warning[203]: Found opcode in column 1. (MOVWF)
000028 6E??           00178 MOVWF crypto+1     ; Écrit le résultat XOR à l'adresse 'crypto+1'
                      00179  
MPASM 5.87                           TD1.ASM   12-12-2023  21:42:37         PAGE  5


LOC  OBJECT CODE     LINE SOURCE TEXT
  VALUE

                      00180  ; Cryptage de 'U'
Warning[203]: Found opcode in column 1. (MOVLB)
00002A 0101           00181 MOVLB 0x01
Warning[203]: Found opcode in column 1. (MOVF)
00002C 50??           00182 MOVF password+1, W
Warning[203]: Found opcode in column 1. (XORLW)
00002E 0A55           00183 XORLW 0x55
Warning[203]: Found opcode in column 1. (MOVLB)
000030 0102           00184 MOVLB 0x02
Warning[203]: Found opcode in column 1. (MOVWF)
000032 6E??           00185 MOVWF crypto+1
                      00186 
                      00187 ; Cryptage de 'N'
Warning[203]: Found opcode in column 1. (MOVLB)
000034 0101           00188 MOVLB 0x01
Warning[203]: Found opcode in column 1. (MOVF)
000036 50??           00189 MOVF password+2, W
Warning[203]: Found opcode in column 1. (XORLW)
000038 0A55           00190 XORLW 0x55
Warning[203]: Found opcode in column 1. (MOVLB)
00003A 0102           00191 MOVLB 0x02
Warning[203]: Found opcode in column 1. (MOVWF)
00003C 6E??           00192 MOVWF crypto+2
                      00193 
                      00194 ; Cryptage de 'I'
Warning[203]: Found opcode in column 1. (MOVLB)
00003E 0101           00195 MOVLB 0x01
Warning[203]: Found opcode in column 1. (MOVF)
000040 50??           00196 MOVF password+3, W
Warning[203]: Found opcode in column 1. (XORLW)
000042 0A55           00197 XORLW 0x55
Warning[203]: Found opcode in column 1. (MOVLB)
000044 0102           00198 MOVLB 0x02
Warning[203]: Found opcode in column 1. (MOVWF)
000046 6E??           00199 MOVWF crypto+3
                      00200 
                      00201 ; Cryptage de 'A'
Warning[203]: Found opcode in column 1. (MOVLB)
000048 0101           00202 MOVLB 0x01
Warning[203]: Found opcode in column 1. (MOVF)
00004A 50??           00203 MOVF password+4, W
Warning[203]: Found opcode in column 1. (XORLW)
00004C 0A55           00204 XORLW 0x55
Warning[203]: Found opcode in column 1. (MOVLB)
00004E 0102           00205 MOVLB 0x02
Warning[203]: Found opcode in column 1. (MOVWF)
000050 6E??           00206 MOVWF crypto+4
                      00207 
                      00208 ; Assurez-vous que la banque 2 est sélectionnée pour l'accès aux registres
Warning[203]: Found opcode in column 1. (MOVLB)
000052 0102           00209 MOVLB 0x02
                      00210 
                      00211 ; Déchiffrement de 'J' crypté
MPASM 5.87                           TD1.ASM   12-12-2023  21:42:37         PAGE  6


LOC  OBJECT CODE     LINE SOURCE TEXT
  VALUE

Warning[203]: Found opcode in column 1. (MOVF)
000054 50??           00212 MOVF crypto, W     ; Déplace le contenu crypté de 'crypto' dans l'accumulateur W
Warning[203]: Found opcode in column 1. (XORLW)
000056 0A55           00213 XORLW 0x55         ; Effectue un XOR sur le contenu de W avec 0x55, ce qui déchiffre le caractère
Warning[203]: Found opcode in column 1. (MOVWF)
000058 6E??           00214 MOVWF password     ; Stocke le caractère déchiffré à l'adresse 'password'
                      00215 
                      00216 ; Répétez le processus pour les autres caractères
Warning[203]: Found opcode in column 1. (MOVF)
00005A 50??           00217 MOVF crypto+1, W
Warning[203]: Found opcode in column 1. (XORLW)
00005C 0A55           00218 XORLW 0x55
Warning[203]: Found opcode in column 1. (MOVWF)
00005E 6E??           00219 MOVWF password+1
                      00220 
Warning[203]: Found opcode in column 1. (MOVF)
000060 50??           00221 MOVF crypto+2, W
Warning[203]: Found opcode in column 1. (XORLW)
000062 0A55           00222 XORLW 0x55
Warning[203]: Found opcode in column 1. (MOVWF)
000064 6E??           00223 MOVWF password+2
                      00224 
Warning[203]: Found opcode in column 1. (MOVF)
000066 50??           00225 MOVF crypto+3, W
Warning[203]: Found opcode in column 1. (XORLW)
000068 0A55           00226 XORLW 0x55
Warning[203]: Found opcode in column 1. (MOVWF)
00006A 6E??           00227 MOVWF password+3
                      00228 
Warning[203]: Found opcode in column 1. (MOVF)
00006C 50??           00229 MOVF crypto+4, W
Warning[203]: Found opcode in column 1. (XORLW)
00006E 0A55           00230 XORLW 0x55
Warning[203]: Found opcode in column 1. (MOVWF)
000070 6E??           00231 MOVWF password+4
                      00232 
                      00233 
                      00234 ; Définition de l'espace de données utilisateur pour les variables de la banque 3
                      00235 group3 UDATA 0x300
000300                00236 decrypte RES 10   ; Réserve 10 emplacements mémoire pour 'decrypte'
                      00237 
                      00238 ; Assurez-vous que la banque 2 est sélectionnée pour accéder aux données cryptées
Warning[203]: Found opcode in column 1. (MOVLB)
Error[152]  : Executable code and data must be defined in an appropriate section
000310                00239 MOVLB 0x02
                      00240 
                      00241 ; Déchiffrement de 'J' crypté
Warning[203]: Found opcode in column 1. (MOVF)
Error[152]  : Executable code and data must be defined in an appropriate section
000310                00242 MOVF crypto,0,1    ; Déplace le contenu crypté de 'crypto' dans l'accumulateur W
Warning[203]: Found opcode in column 1. (XORLW)
Error[152]  : Executable code and data must be defined in an appropriate section
000310                00243 XORLW 0x55         ; Effectue un XOR sur le contenu de W avec 0x55, ce qui déchiffre le caractère
MPASM 5.87                           TD1.ASM   12-12-2023  21:42:37         PAGE  7


LOC  OBJECT CODE     LINE SOURCE TEXT
  VALUE

Warning[203]: Found opcode in column 1. (MOVLB)
Error[152]  : Executable code and data must be defined in an appropriate section
000310                00244 MOVLB 0x03         ; Change vers la banque 3 pour l'accès aux registres
Warning[203]: Found opcode in column 1. (MOVWF)
Error[152]  : Executable code and data must be defined in an appropriate section
000310                00245 MOVWF decrypte     ; Stocke le caractère déchiffré à l'adresse 'decrypte' dans la banque 3
                      00246 
                      00247 ; Répétez le processus pour les autres caractères
Warning[203]: Found opcode in column 1. (MOVLB)
Error[152]  : Executable code and data must be defined in an appropriate section
000310                00248 MOVLB 0x02         ; Sélectionne à nouveau la banque 2 pour le caractère suivant
Warning[203]: Found opcode in column 1. (MOVF)
Error[152]  : Executable code and data must be defined in an appropriate section
000310                00249 MOVF crypto+1,0,1
Warning[203]: Found opcode in column 1. (XORLW)
Error[152]  : Executable code and data must be defined in an appropriate section
000310                00250 XORLW 0x55
Warning[203]: Found opcode in column 1. (MOVLB)
Error[152]  : Executable code and data must be defined in an appropriate section
000310                00251 MOVLB 0x03
Warning[203]: Found opcode in column 1. (MOVWF)
Error[152]  : Executable code and data must be defined in an appropriate section
000310                00252 MOVWF decrypte+1   ; Stocke le caractère suivant dans 'decrypte+1'
                      00253 
Warning[203]: Found opcode in column 1. (MOVLB)
Error[152]  : Executable code and data must be defined in an appropriate section
000310                00254 MOVLB 0x02
Warning[203]: Found opcode in column 1. (MOVF)
Error[152]  : Executable code and data must be defined in an appropriate section
000310                00255 MOVF crypto+2,0,1
Warning[203]: Found opcode in column 1. (XORLW)
Error[152]  : Executable code and data must be defined in an appropriate section
000310                00256 XORLW 0x55
Warning[203]: Found opcode in column 1. (MOVLB)
Error[152]  : Executable code and data must be defined in an appropriate section
000310                00257 MOVLB 0x03
Warning[203]: Found opcode in column 1. (MOVWF)
Error[152]  : Executable code and data must be defined in an appropriate section
000310                00258 MOVWF decrypte+2
                      00259 
Warning[203]: Found opcode in column 1. (MOVLB)
Error[152]  : Executable code and data must be defined in an appropriate section
000310                00260 MOVLB 0x02
Warning[203]: Found opcode in column 1. (MOVF)
Error[152]  : Executable code and data must be defined in an appropriate section
000310                00261 MOVF crypto+3,0,1
Warning[203]: Found opcode in column 1. (XORLW)
Error[152]  : Executable code and data must be defined in an appropriate section
000310                00262 XORLW 0x55
Warning[203]: Found opcode in column 1. (MOVLB)
Error[152]  : Executable code and data must be defined in an appropriate section
000310                00263 MOVLB 0x03
Warning[203]: Found opcode in column 1. (MOVWF)
MPASM 5.87                           TD1.ASM   12-12-2023  21:42:37         PAGE  8


LOC  OBJECT CODE     LINE SOURCE TEXT
  VALUE

Error[152]  : Executable code and data must be defined in an appropriate section
000310                00264 MOVWF decrypte+3
                      00265 
Warning[203]: Found opcode in column 1. (MOVLB)
Error[152]  : Executable code and data must be defined in an appropriate section
000310                00266 MOVLB 0x02
Warning[203]: Found opcode in column 1. (MOVF)
Error[152]  : Executable code and data must be defined in an appropriate section
000310                00267 MOVF crypto+4,0,1
Warning[203]: Found opcode in column 1. (XORLW)
Error[152]  : Executable code and data must be defined in an appropriate section
000310                00268 XORLW 0x55
Warning[203]: Found opcode in column 1. (MOVLB)
Error[152]  : Executable code and data must be defined in an appropriate section
000310                00269 MOVLB 0x03
Warning[203]: Found opcode in column 1. (MOVWF)
Error[152]  : Executable code and data must be defined in an appropriate section
000310                00270 MOVWF decrypte+4
                      00271 
                      00272 ;START
                      00273 
                      00274     ; TODO Step #5 - Insert Your Program Here
                      00275 
                      00276     ;MOVLW 0x55                      ; your instructions
Error[152]  : Executable code and data must be defined in an appropriate section
Error[152]  : Executable code and data must be defined in an appropriate section
000310                00277     GOTO $                          ; loop forever
                      00278 
                      00279     END
MPASM 5.87                           TD1.ASM   12-12-2023  21:42:37         PAGE  9


SYMBOL TABLE
  LABEL                             VALUE 

A                                 00000000
ABDEN                             00000000
ABDOVF                            00000007
ACCESS                            00000000
ACKDT                             00000005
ACKEN                             00000004
ACKSTAT                           00000006
ACQT0                             00000003
ACQT1                             00000004
ACQT2                             00000005
ADCON0                            00000FC2
ADCON1                            00000FC1
ADCON2                            00000FC0
ADCS0                             00000000
ADCS1                             00000001
ADCS2                             00000002
ADDEN                             00000003
ADEN                              00000003
ADFM                              00000007
ADIE                              00000006
ADIF                              00000006
ADIP                              00000006
ADON                              00000000
ADRES                             00000FC3
ADRESH                            00000FC4
ADRESL                            00000FC3
AN0                               00000000
AN1                               00000001
AN10                              00000001
AN11                              00000004
AN12                              00000000
AN2                               00000002
AN3                               00000003
AN4                               00000005
AN5                               00000000
AN6                               00000001
AN7                               00000002
AN8                               00000002
AN9                               00000003
ANS0                              00000000
ANS1                              00000001
ANS10                             00000002
ANS11                             00000003
ANS12                             00000004
ANS2                              00000002
ANS3                              00000003
ANS4                              00000004
ANS5                              00000005
ANS6                              00000006
ANS7                              00000007
ANS8                              00000000
ANS9                              00000001
ANSEL                             00000F7E
MPASM 5.87                           TD1.ASM   12-12-2023  21:42:37         PAGE 10


SYMBOL TABLE
  LABEL                             VALUE 

ANSELH                            00000F7F
BANKED                            00000001
BAUDCON                           00000FB8
BAUDCTL                           00000FB8
BCLIE                             00000003
BCLIF                             00000003
BCLIP                             00000003
BF                                00000000
BGST                              00000005
BOR                               00000000
BRG16                             00000003
BRGH                              00000002
BSR                               00000FE0
C                                 00000000
C12IN0M                           00000000
C12IN0N                           00000000
C12IN1M                           00000001
C12IN1N                           00000001
C12IN2M                           00000003
C12IN2N                           00000003
C12IN3M                           00000001
C12IN3N                           00000001
C1CH0                             00000000
C1CH1                             00000001
C1IE                              00000006
C1IF                              00000006
C1INP                             00000003
C1IP                              00000006
C1OE                              00000005
C1ON                              00000007
C1OUT_CM1CON0                     00000006
C1OUT_PORTA                       00000004
C1POL                             00000004
C1R                               00000002
C1RSEL                            00000005
C1SP                              00000003
C2CH0                             00000000
C2CH1                             00000001
C2IE                              00000005
C2IF                              00000005
C2INP                             00000002
C2IP                              00000005
C2OE                              00000005
C2ON                              00000007
C2OUT_CM2CON0                     00000006
C2OUT_PORTA                       00000005
C2POL                             00000004
C2R                               00000002
C2RSEL                            00000004
C2SP                              00000003
CCP1                              00000002
CCP1CON                           00000FBD
CCP1IE                            00000002
MPASM 5.87                           TD1.ASM   12-12-2023  21:42:37         PAGE 11


SYMBOL TABLE
  LABEL                             VALUE 

CCP1IF                            00000002
CCP1IP                            00000002
CCP1M0                            00000000
CCP1M1                            00000001
CCP1M2                            00000002
CCP1M3                            00000003
CCP2CON                           00000FBA
CCP2IE                            00000000
CCP2IF                            00000000
CCP2IP                            00000000
CCP2M0                            00000000
CCP2M1                            00000001
CCP2M2                            00000002
CCP2M3                            00000003
CCP2_PORTB                        00000003
CCP2_PORTC                        00000001
CCPR1                             00000FBE
CCPR1H                            00000FBF
CCPR1L                            00000FBE
CCPR2                             00000FBB
CCPR2H                            00000FBC
CCPR2L                            00000FBB
CFGS                              00000006
CHS0                              00000002
CHS1                              00000003
CHS2                              00000004
CHS3                              00000005
CK                                00000006
CKE                               00000006
CKP                               00000004
CKTXP                             00000004
CM1CON0                           00000F7B
CM2CON0                           00000F7A
CM2CON1                           00000F79
CREN                              00000004
CS                                00000002
CSRC                              00000007
CVR0                              00000000
CVR1                              00000001
CVR2                              00000002
CVR3                              00000003
CVRCON                            00000FB5
CVRCON2                           00000FB4
CVREF                             00000002
CVREN                             00000007
CVROE                             00000006
CVRR                              00000005
CVRSS                             00000004
D                                 00000005
DC                                00000001
DC1B0                             00000004
DC1B1                             00000005
DC2B0                             00000004
MPASM 5.87                           TD1.ASM   12-12-2023  21:42:37         PAGE 12


SYMBOL TABLE
  LABEL                             VALUE 

DC2B1                             00000005
DDRA                              TRISA
DDRB                              TRISB
DDRC                              TRISC
DDRD                              TRISD
DDRE                              TRISE
DONE                              00000001
DTRXP                             00000005
D_A                               00000005
D_NOT_A                           00000005
ECCP1AS                           00000FB6
ECCPAS0                           00000004
ECCPAS1                           00000005
ECCPAS2                           00000006
ECCPASE                           00000007
EEADR                             00000FA9
EEADR0                            00000000
EEADR1                            00000001
EEADR2                            00000002
EEADR3                            00000003
EEADR4                            00000004
EEADR5                            00000005
EEADR6                            00000006
EEADR7                            00000007
EECON1                            00000FA6
EECON2                            00000FA7
EEDATA                            00000FA8
EEIE                              00000004
EEIF                              00000004
EEIP                              00000004
EEPGD                             00000007
FAST                              00000001
FERR                              00000002
FLT0                              00000000
FREE                              00000004
FSR0                              00000000
FSR0H                             00000FEA
FSR0L                             00000FE9
FSR1                              00000001
FSR1H                             00000FE2
FSR1L                             00000FE1
FSR2                              00000002
FSR2H                             00000FDA
FSR2L                             00000FD9
FVREN                             00000007
FVRST                             00000006
GCEN                              00000007
GIE                               00000007
GIEH                              00000007
GIEL                              00000006
GIE_GIEH                          00000007
GO                                00000001
GO_DONE                           00000001
MPASM 5.87                           TD1.ASM   12-12-2023  21:42:37         PAGE 13


SYMBOL TABLE
  LABEL                             VALUE 

GO_NOT_DONE                       00000001
HLVDCON                           00000FD2
HLVDEN                            00000004
HLVDIE                            00000002
HLVDIF                            00000002
HLVDIN                            00000005
HLVDIP                            00000002
HLVDL0                            00000000
HLVDL1                            00000001
HLVDL2                            00000002
HLVDL3                            00000003
IBF                               00000007
IBOV                              00000005
IDLEN                             00000007
INDF0                             00000FEF
INDF1                             00000FE7
INDF2                             00000FDF
INT0                              00000000
INT0E                             00000004
INT0F                             00000001
INT0IE                            00000004
INT0IF                            00000001
INT1                              00000001
INT1E                             00000003
INT1F                             00000000
INT1IE                            00000003
INT1IF                            00000000
INT1IP                            00000006
INT1P                             00000006
INT2                              00000002
INT2E                             00000004
INT2F                             00000001
INT2IE                            00000004
INT2IF                            00000001
INT2IP                            00000007
INT2P                             00000007
INTCON                            00000FF2
INTCON2                           00000FF1
INTCON3                           00000FF0
INTEDG0                           00000006
INTEDG1                           00000005
INTEDG2                           00000004
INTSRC                            00000007
IOCB                              00000F7D
IOCB4                             00000004
IOCB5                             00000005
IOCB6                             00000006
IOCB7                             00000007
IOFS                              00000002
IPEN                              00000007
IPR1                              00000F9F
IPR2                              00000FA2
IRCF0                             00000004
MPASM 5.87                           TD1.ASM   12-12-2023  21:42:37         PAGE 14


SYMBOL TABLE
  LABEL                             VALUE 

IRCF1                             00000005
IRCF2                             00000006
IRVST                             00000005
IVRST                             00000005
KBI0                              00000004
KBI1                              00000005
KBI2                              00000006
KBI3                              00000007
LATA                              00000F89
LATA0                             00000000
LATA1                             00000001
LATA2                             00000002
LATA3                             00000003
LATA4                             00000004
LATA5                             00000005
LATA6                             00000006
LATA7                             00000007
LATB                              00000F8A
LATB0                             00000000
LATB1                             00000001
LATB2                             00000002
LATB3                             00000003
LATB4                             00000004
LATB5                             00000005
LATB6                             00000006
LATB7                             00000007
LATC                              00000F8B
LATC0                             00000000
LATC1                             00000001
LATC2                             00000002
LATC3                             00000003
LATC4                             00000004
LATC5                             00000005
LATC6                             00000006
LATC7                             00000007
LATD                              00000F8C
LATD0                             00000000
LATD1                             00000001
LATD2                             00000002
LATD3                             00000003
LATD4                             00000004
LATD5                             00000005
LATD6                             00000006
LATD7                             00000007
LATE                              00000F8D
LATE0                             00000000
LATE1                             00000001
LATE2                             00000002
LVDCON                            00000FD2
LVDEN                             00000004
LVDIE                             00000002
LVDIF                             00000002
LVDIN                             00000005
MPASM 5.87                           TD1.ASM   12-12-2023  21:42:37         PAGE 15


SYMBOL TABLE
  LABEL                             VALUE 

LVDIP                             00000002
LVDL0                             00000000
LVDL1                             00000001
LVDL2                             00000002
LVDL3                             00000003
LVV0                              00000000
LVV1                              00000001
LVV2                              00000002
LVV3                              00000003
MC1OUT                            00000007
MC2OUT                            00000006
MCLR                              00000003
MSK0                              00000000
MSK1                              00000001
MSK2                              00000002
MSK3                              00000003
MSK4                              00000004
MSK5                              00000005
MSK6                              00000006
MSK7                              00000007
N                                 00000004
NOT_A                             00000005
NOT_ADDRESS                       00000005
NOT_BOR                           00000000
NOT_CS                            00000002
NOT_DONE                          00000001
NOT_MCLR                          00000003
NOT_PD                            00000002
NOT_POR                           00000001
NOT_RBPU                          00000007
NOT_RD                            00000000
NOT_RI                            00000004
NOT_SS                            00000005
NOT_T1SYNC                        00000002
NOT_T3SYNC                        00000002
NOT_TO                            00000003
NOT_W                             00000002
NOT_WR                            00000001
NOT_WRITE                         00000002
OBF                               00000006
OERR                              00000001
OSCCON                            00000FD3
OSCFIE                            00000007
OSCFIF                            00000007
OSCFIP                            00000007
OSCTUNE                           00000F9B
OSTS                              00000003
OV                                00000003
P                                 00000004
P1A                               00000002
P1B                               00000005
P1C                               00000006
P1D                               00000007
MPASM 5.87                           TD1.ASM   12-12-2023  21:42:37         PAGE 16


SYMBOL TABLE
  LABEL                             VALUE 

P1M0                              00000006
P1M1                              00000007
PC                                00000FF9
PCL                               00000FF9
PCLATH                            00000FFA
PCLATU                            00000FFB
PD                                00000002
PDC0                              00000000
PDC1                              00000001
PDC2                              00000002
PDC3                              00000003
PDC4                              00000004
PDC5                              00000005
PDC6                              00000006
PEIE                              00000006
PEIE_GIEL                         00000006
PEN                               00000002
PGC                               00000006
PGD                               00000007
PGM                               00000005
PIE1                              00000F9D
PIE2                              00000FA0
PIR1                              00000F9E
PIR2                              00000FA1
PLLEN                             00000006
PLUSW0                            00000FEB
PLUSW1                            00000FE3
PLUSW2                            00000FDB
POR                               00000001
PORTA                             00000F80
PORTB                             00000F81
PORTC                             00000F82
PORTD                             00000F83
PORTE                             00000F84
POSTDEC0                          00000FED
POSTDEC1                          00000FE5
POSTDEC2                          00000FDD
POSTINC0                          00000FEE
POSTINC1                          00000FE6
POSTINC2                          00000FDE
PR2                               00000FCB
PREINC0                           00000FEC
PREINC1                           00000FE4
PREINC2                           00000FDC
PROD                              00000FF3
PRODH                             00000FF4
PRODL                             00000FF3
PRSEN                             00000007
PSA                               00000003
PSP0                              00000000
PSP1                              00000001
PSP2                              00000002
PSP3                              00000003
MPASM 5.87                           TD1.ASM   12-12-2023  21:42:37         PAGE 17


SYMBOL TABLE
  LABEL                             VALUE 

PSP4                              00000004
PSP5                              00000005
PSP6                              00000006
PSP7                              00000007
PSPIE                             00000007
PSPIF                             00000007
PSPIP                             00000007
PSPMODE                           00000004
PSSAC0                            00000002
PSSAC1                            00000003
PSSBD0                            00000000
PSSBD1                            00000001
PSTRCON                           00000FB9
PWM1CON                           00000FB7
R                                 00000002
RA0                               00000000
RA1                               00000001
RA2                               00000002
RA3                               00000003
RA4                               00000004
RA5                               00000005
RA6                               00000006
RA7                               00000007
RB0                               00000000
RB1                               00000001
RB2                               00000002
RB3                               00000003
RB4                               00000004
RB5                               00000005
RB6                               00000006
RB7                               00000007
RBIE                              00000003
RBIF                              00000000
RBIP                              00000000
RBPU                              00000007
RC0                               00000000
RC1                               00000001
RC2                               00000002
RC3                               00000003
RC4                               00000004
RC5                               00000005
RC6                               00000006
RC7                               00000007
RCEN                              00000003
RCIDL                             00000006
RCIE                              00000005
RCIF                              00000005
RCIP                              00000005
RCON                              00000FD0
RCREG                             00000FAE
RCSTA                             00000FAB
RD                                00000000
RD0                               00000000
MPASM 5.87                           TD1.ASM   12-12-2023  21:42:37         PAGE 18


SYMBOL TABLE
  LABEL                             VALUE 

RD1                               00000001
RD16                              00000007
RD2                               00000002
RD3                               00000003
RD4                               00000004
RD5                               00000005
RD6                               00000006
RD7                               00000007
RE0                               00000000
RE1                               00000001
RE2                               00000002
RE3                               00000003
RI                                00000004
RSEN                              00000001
RX                                00000007
RX9                               00000006
RX9D                              00000000
R_NOT_W                           00000002
R_W                               00000002
S                                 00000003
SBOREN                            00000006
SCK                               00000003
SCKP                              00000004
SCL                               00000003
SCS0                              00000000
SCS1                              00000001
SDA                               00000004
SDI                               00000004
SDO                               00000005
SEN                               00000000
SENDB                             00000003
SLRA                              00000000
SLRB                              00000001
SLRC                              00000002
SLRCON                            00000F78
SLRD                              00000003
SLRE                              00000004
SMP                               00000007
SP0                               00000000
SP1                               00000001
SP2                               00000002
SP3                               00000003
SP4                               00000004
SPBRG                             00000FAF
SPBRGH                            00000FB0
SPEN                              00000007
SREN                              00000005
SS                                00000005
SSPADD                            00000FC8
SSPBUF                            00000FC9
SSPCON1                           00000FC6
SSPCON2                           00000FC5
SSPEN                             00000005
MPASM 5.87                           TD1.ASM   12-12-2023  21:42:37         PAGE 19


SYMBOL TABLE
  LABEL                             VALUE 

SSPIE                             00000003
SSPIF                             00000003
SSPIP                             00000003
SSPM0                             00000000
SSPM1                             00000001
SSPM2                             00000002
SSPM3                             00000003
SSPMSK                            00000F77
SSPOV                             00000006
SSPSTAT                           00000FC7
START                             00000003
STATUS                            00000FD8
STKFUL                            00000007
STKOVF                            00000007
STKPTR                            00000FFC
STKUNF                            00000006
STOP                              00000004
STRA                              00000000
STRB                              00000001
STRC                              00000002
STRD                              00000003
STRSYNC                           00000004
SWDTE                             00000000
SWDTEN                            00000000
SYNC                              00000004
T08BIT                            00000006
T0CKI                             00000004
T0CON                             00000FD5
T0CS                              00000005
T0IE                              00000005
T0IF                              00000002
T0PS0                             00000000
T0PS1                             00000001
T0PS2                             00000002
T0SE                              00000004
T13CKI                            00000000
T1CKI                             00000000
T1CKPS0                           00000004
T1CKPS1                           00000005
T1CON                             00000FCD
T1OSCEN                           00000003
T1OSI                             00000001
T1OSO                             00000000
T1RUN                             00000006
T1SYNC                            00000002
T2CKPS0                           00000000
T2CKPS1                           00000001
T2CON                             00000FCA
T2OUTPS0                          00000003
T2OUTPS1                          00000004
T2OUTPS2                          00000005
T2OUTPS3                          00000006
T3CCP1                            00000003
MPASM 5.87                           TD1.ASM   12-12-2023  21:42:37         PAGE 20


SYMBOL TABLE
  LABEL                             VALUE 

T3CCP2                            00000006
T3CKI                             00000000
T3CKPS0                           00000004
T3CKPS1                           00000005
T3CON                             00000FB1
T3SYNC                            00000002
TABLAT                            00000FF5
TBLPTR                            00000FF6
TBLPTRH                           00000FF7
TBLPTRL                           00000FF6
TBLPTRU                           00000FF8
TMR0                              00000FD6
TMR0H                             00000FD7
TMR0IE                            00000005
TMR0IF                            00000002
TMR0IP                            00000002
TMR0L                             00000FD6
TMR0ON                            00000007
TMR1                              00000FCE
TMR1CS                            00000001
TMR1H                             00000FCF
TMR1IE                            00000000
TMR1IF                            00000000
TMR1IP                            00000000
TMR1L                             00000FCE
TMR1ON                            00000000
TMR2                              00000FCC
TMR2IE                            00000001
TMR2IF                            00000001
TMR2IP                            00000001
TMR2ON                            00000002
TMR3                              00000FB2
TMR3CS                            00000001
TMR3H                             00000FB3
TMR3IE                            00000001
TMR3IF                            00000001
TMR3IP                            00000001
TMR3L                             00000FB2
TMR3ON                            00000000
TO                                00000003
TOS                               00000FFD
TOSH                              00000FFE
TOSL                              00000FFD
TOSU                              00000FFF
TRISA                             00000F92
TRISA0                            00000000
TRISA1                            00000001
TRISA2                            00000002
TRISA3                            00000003
TRISA4                            00000004
TRISA5                            00000005
TRISA6                            00000006
TRISA7                            00000007
MPASM 5.87                           TD1.ASM   12-12-2023  21:42:37         PAGE 21


SYMBOL TABLE
  LABEL                             VALUE 

TRISB                             00000F93
TRISB0                            00000000
TRISB1                            00000001
TRISB2                            00000002
TRISB3                            00000003
TRISB4                            00000004
TRISB5                            00000005
TRISB6                            00000006
TRISB7                            00000007
TRISC                             00000F94
TRISC0                            00000000
TRISC1                            00000001
TRISC2                            00000002
TRISC3                            00000003
TRISC4                            00000004
TRISC5                            00000005
TRISC6                            00000006
TRISC7                            00000007
TRISD                             00000F95
TRISD0                            00000000
TRISD1                            00000001
TRISD2                            00000002
TRISD3                            00000003
TRISD4                            00000004
TRISD5                            00000005
TRISD6                            00000006
TRISD7                            00000007
TRISE                             00000F96
TRISE0                            00000000
TRISE1                            00000001
TRISE2                            00000002
TRMT                              00000001
TUN0                              00000000
TUN1                              00000001
TUN2                              00000002
TUN3                              00000003
TUN4                              00000004
TUN5                              00000005
TX                                00000006
TX9                               00000006
TX9D                              00000000
TXEN                              00000005
TXIE                              00000004
TXIF                              00000004
TXIP                              00000004
TXREG                             00000FAD
TXSTA                             00000FAC
UA                                00000001
VCFG0                             00000004
VCFG1                             00000005
VDIRMAG                           00000007
VPP                               00000003
VREFM                             00000002
MPASM 5.87                           TD1.ASM   12-12-2023  21:42:37         PAGE 22


SYMBOL TABLE
  LABEL                             VALUE 

VREFN                             00000002
VREFP                             00000003
W                                 00000000
WCOL                              00000007
WDTCON                            00000FD1
WPUB                              00000F7C
WPUB0                             00000000
WPUB1                             00000001
WPUB2                             00000002
WPUB3                             00000003
WPUB4                             00000004
WPUB5                             00000005
WPUB6                             00000006
WPUB7                             00000007
WR                                00000001
WREG                              00000FE8
WREN                              00000002
WRERR                             00000003
WUE                               00000001
Z                                 00000002
_BOREN_NOSLP_2L                   000000FD
_BOREN_OFF_2L                     000000F9
_BOREN_ON_2L                      000000FB
_BOREN_SBORDIS_2L                 000000FF
_BORV_18_2L                       000000FF
_BORV_22_2L                       000000F7
_BORV_27_2L                       000000EF
_BORV_30_2L                       000000E7
_CCP2MX_PORTBE_3H                 000000FE
_CCP2MX_PORTC_3H                  000000FF
_CONFIG1H                         00300001
_CONFIG2H                         00300003
_CONFIG2L                         00300002
_CONFIG3H                         00300005
_CONFIG4L                         00300006
_CONFIG5H                         00300009
_CONFIG5L                         00300008
_CONFIG6H                         0030000B
_CONFIG6L                         0030000A
_CONFIG7H                         0030000D
_CONFIG7L                         0030000C
_CP0_OFF_5L                       000000FF
_CP0_ON_5L                        000000FE
_CP1_OFF_5L                       000000FF
_CP1_ON_5L                        000000FD
_CP2_OFF_5L                       000000FF
_CP2_ON_5L                        000000FB
_CP3_OFF_5L                       000000FF
_CP3_ON_5L                        000000F7
_CPB_OFF_5H                       000000FF
_CPB_ON_5H                        000000BF
_CPD_OFF_5H                       000000FF
_CPD_ON_5H                        0000007F
MPASM 5.87                           TD1.ASM   12-12-2023  21:42:37         PAGE 23


SYMBOL TABLE
  LABEL                             VALUE 

_DEBUG_OFF_4L                     000000FF
_DEBUG_ON_4L                      0000007F
_DEVID1                           003FFFFE
_DEVID2                           003FFFFF
_EBTR0_OFF_7L                     000000FF
_EBTR0_ON_7L                      000000FE
_EBTR1_OFF_7L                     000000FF
_EBTR1_ON_7L                      000000FD
_EBTR2_OFF_7L                     000000FF
_EBTR2_ON_7L                      000000FB
_EBTR3_OFF_7L                     000000FF
_EBTR3_ON_7L                      000000F7
_EBTRB_OFF_7H                     000000FF
_EBTRB_ON_7H                      000000BF
_FCMEN_OFF_1H                     000000BF
_FCMEN_ON_1H                      000000FF
_FOSC_ECIO6_1H                    000000F5
_FOSC_EC_1H                       000000F4
_FOSC_HSPLL_1H                    000000F6
_FOSC_HS_1H                       000000F2
_FOSC_INTIO67_1H                  000000F8
_FOSC_INTIO7_1H                   000000F9
_FOSC_LP_1H                       000000F0
_FOSC_RCIO6_1H                    000000F7
_FOSC_RC_1H                       000000F3
_FOSC_XT_1H                       000000F1
_HFOFST_OFF_3H                    000000F7
_HFOFST_ON_3H                     000000FF
_IDLOC0                           00200000
_IDLOC1                           00200001
_IDLOC2                           00200002
_IDLOC3                           00200003
_IDLOC4                           00200004
_IDLOC5                           00200005
_IDLOC6                           00200006
_IDLOC7                           00200007
_IESO_OFF_1H                      0000007F
_IESO_ON_1H                       000000FF
_LPT1OSC_OFF_3H                   000000FB
_LPT1OSC_ON_3H                    000000FF
_LVP_OFF_4L                       000000FB
_LVP_ON_4L                        000000FF
_MCLRE_OFF_3H                     0000007F
_MCLRE_ON_3H                      000000FF
_PBADEN_OFF_3H                    000000FD
_PBADEN_ON_3H                     000000FF
_PWRT_OFF_2L                      000000FF
_PWRT_ON_2L                       000000FE
_STVREN_OFF_4L                    000000FE
_STVREN_ON_4L                     000000FF
_WDTEN_OFF_2H                     000000FE
_WDTEN_ON_2H                      000000FF
_WDTPS_1024_2H                    000000F5
MPASM 5.87                           TD1.ASM   12-12-2023  21:42:37         PAGE 24


SYMBOL TABLE
  LABEL                             VALUE 

_WDTPS_128_2H                     000000EF
_WDTPS_16384_2H                   000000FD
_WDTPS_16_2H                      000000E9
_WDTPS_1_2H                       000000E1
_WDTPS_2048_2H                    000000F7
_WDTPS_256_2H                     000000F1
_WDTPS_2_2H                       000000E3
_WDTPS_32768_2H                   000000FF
_WDTPS_32_2H                      000000EB
_WDTPS_4096_2H                    000000F9
_WDTPS_4_2H                       000000E5
_WDTPS_512_2H                     000000F3
_WDTPS_64_2H                      000000ED
_WDTPS_8192_2H                    000000FB
_WDTPS_8_2H                       000000E7
_WRT0_OFF_6L                      000000FF
_WRT0_ON_6L                       000000FE
_WRT1_OFF_6L                      000000FF
_WRT1_ON_6L                       000000FD
_WRT2_OFF_6L                      000000FF
_WRT2_ON_6L                       000000FB
_WRT3_OFF_6L                      000000FF
_WRT3_ON_6L                       000000F7
_WRTB_OFF_6H                      000000FF
_WRTB_ON_6H                       000000BF
_WRTC_OFF_6H                      000000FF
_WRTC_ON_6H                       000000DF
_WRTD_OFF_6H                      000000FF
_WRTD_ON_6H                       0000007F
_XINST_OFF_4L                     000000BF
_XINST_ON_4L                      000000FF
__18F45K20                        00000001
__DEBUG                           
__MPLAB_DEBUGGER_SIMULATOR        1
_group3_0310                      00000310
crypto                            00000200
decrypte                          00000300
password                          00000100

Errors   :    27
Warnings :    83 reported,     0 suppressed
Messages :     0 reported,     0 suppressed

